2026-06-26 15:37:55,176 [INFO] WS connected: cc_77f7mhva
2026-06-26 15:38:10,648 [INFO] WS connected: cc_ly4xzitd
2026-06-26 15:38:27,310 [INFO] WS disconnected: cc_ly4xzitd
2026-06-26 15:39:04,940 [INFO] WS connected: cc_28ruputb
2026-06-26 15:40:05,786 [INFO] WS disconnected: cc_28ruputb
2026-06-26 15:46:44,231 [INFO] WS disconnected: cc_77f7mhva
2026-06-26 15:46:44,266 [INFO] WS connected: cc_01d931b6d5f64e389f100fb38b29f961
2026-06-26 16:17:49,630 [INFO] WS disconnected: cc_01d931b6d5f64e389f100fb38b29f961
2026-06-26 16:17:49,660 [INFO] WS connected: cc_978993a772754ed5b3dd1142fd1f3761
2026-06-26 16:30:24,561 [INFO] WS disconnected: cc_978993a772754ed5b3dd1142fd1f3761
2026-06-26 16:30:24,575 [INFO] WS connected: cc_a39f94a827cf4cf1a15c8c331be31e47
2026-06-26 16:32:29,661 [INFO] WS disconnected: cc_a39f94a827cf4cf1a15c8c331be31e47
2026-06-26 16:32:29,677 [INFO] WS connected: cc_0e6a6c44bb144318b9d32678ab58d45c
2026-06-26 16:32:47,054 [INFO] WS disconnected: cc_0e6a6c44bb144318b9d32678ab58d45c
2026-06-26 16:32:47,068 [INFO] WS connected: cc_156b166347f5422b9a63835296083ec3
2026-06-26 16:39:09,336 [INFO] WS disconnected: cc_156b166347f5422b9a63835296083ec3
2026-06-26 16:39:18,489 [INFO] WS connected: cc_156b166347f5422b9a63835296083ec3
2026-06-26 16:39:19,214 [INFO] 6 changes detected
2026-06-26 16:39:25,399 [INFO] 7 changes detected
2026-06-26 16:39:25,818 [INFO] 9 changes detected
2026-06-26 16:39:26,177 [INFO] 3 changes detected
2026-06-26 16:39:26,594 [INFO] 11 changes detected
2026-06-26 16:39:26,956 [INFO] 5 changes detected
2026-06-26 16:39:31,687 [INFO] 3 changes detected
2026-06-26 16:39:32,052 [INFO] 3 changes detected
2026-06-26 16:40:03,434 [INFO] WS disconnected: cc_156b166347f5422b9a63835296083ec3
2026-06-26 16:40:03,470 [INFO] WS connected: cc_eb96ba57037746cb9944999f299ab0d0
2026-06-26 16:40:06,409 [INFO] 1 change detected
2026-06-26 16:40:06,772 [INFO] 11 changes detected
2026-06-26 16:40:09,479 [INFO] 1 change detected
2026-06-26 16:40:09,899 [INFO] 11 changes detected
2026-06-26 16:40:23,854 [INFO] 3 changes detected
2026-06-26 16:40:24,274 [INFO] 20 changes detected
2026-06-26 16:40:24,337 [INFO] WS disconnected: cc_eb96ba57037746cb9944999f299ab0d0
2026-06-26 16:40:24,802 [INFO] 11 changes detected
2026-06-26 16:40:27,354 [INFO] WS connected: cc_eb96ba57037746cb9944999f299ab0d0
2026-06-26 16:40:33,616 [INFO] 6 changes detected
2026-06-26 16:40:34,248 [INFO] 1 change detected
2026-06-26 16:41:29,402 [INFO] 1 change detected
2026-06-26 16:41:32,821 [INFO] 1 change detected
2026-06-26 16:41:33,179 [INFO] 11 changes detected
2026-06-26 16:41:39,528 [INFO] 6 changes detected
2026-06-26 16:41:39,891 [INFO] 4 changes detected
2026-06-26 16:41:43,740 [INFO] 6 changes detected
2026-06-26 16:41:44,106 [INFO] 4 changes detected
2026-06-26 16:41:44,581 [INFO] 11 changes detected
2026-06-26 16:41:44,945 [INFO] 5 changes detected
2026-06-26 16:41:59,668 [INFO] WS disconnected: cc_eb96ba57037746cb9944999f299ab0d0
2026-06-26 16:41:59,706 [INFO] WS connected: cc_4ab37d7425d840cd9627ac264e77e719
2026-06-26 16:42:31,125 [INFO] 1 change detected
2026-06-26 16:42:31,645 [INFO] 5 changes detected
2026-06-26 16:45:31,832 [INFO] 1 change detected
2026-06-26 16:45:32,197 [INFO] 5 changes detected
2026-06-26 16:48:22,347 [INFO] 77 changes detected
2026-06-26 16:48:31,972 [INFO] 1 change detected
2026-06-26 16:48:32,328 [INFO] 5 changes detected
2026-06-26 16:48:56,320 [INFO] 1 change detected
2026-06-26 16:48:56,677 [INFO] 11 changes detected
2026-06-26 16:48:57,310 [INFO] 1 change detected
2026-06-26 16:48:57,670 [INFO] 10 changes detected
2026-06-26 16:48:58,036 [INFO] 3 changes detected
2026-06-26 16:48:58,396 [INFO] 1 change detected
2026-06-26 16:48:58,756 [INFO] 5 changes detected
2026-06-26 16:48:59,120 [INFO] 334 changes detected
2026-06-26 16:48:59,147 [INFO] WS disconnected: cc_4ab37d7425d840cd9627ac264e77e719
2026-06-26 16:49:00,132 [INFO] 3 changes detected
2026-06-26 16:49:01,727 [INFO] 1 change detected
2026-06-26 16:49:02,201 [INFO] 13 changes detected
2026-06-26 16:49:02,233 [INFO] WS connected: cc_4ab37d7425d840cd9627ac264e77e719
2026-06-26 16:49:18,838 [INFO] 6 changes detected
2026-06-26 16:50:03,593 [INFO] 3 changes detected
2026-06-26 16:50:11,493 [INFO] 3 changes detected
2026-06-26 16:50:11,525 [INFO] WS disconnected: cc_4ab37d7425d840cd9627ac264e77e719
2026-06-26 16:50:11,995 [INFO] 2 changes detected
2026-06-26 16:50:14,635 [INFO] WS connected: cc_4ab37d7425d840cd9627ac264e77e719
2026-06-26 16:50:18,193 [INFO] 3 changes detected
2026-06-26 16:50:18,254 [INFO] WS disconnected: cc_4ab37d7425d840cd9627ac264e77e719
2026-06-26 16:50:18,723 [INFO] 4 changes detected
2026-06-26 16:50:21,408 [INFO] WS connected: cc_4ab37d7425d840cd9627ac264e77e719
2026-06-26 16:50:33,113 [INFO] 3 changes detected
2026-06-26 16:50:36,192 [INFO] 6 changes detected
2026-06-26 16:51:15,498 [INFO] WS disconnected: cc_4ab37d7425d840cd9627ac264e77e719
2026-06-26 16:51:15,530 [INFO] WS connected: cc_6c2c36be516c4fda8d3bc975a2b7d4c0
2026-06-26 16:51:17,454 [INFO] 3 changes detected
2026-06-26 16:51:17,922 [INFO] 12 changes detected
2026-06-26 16:51:24,794 [INFO] 6 changes detected
2026-06-26 16:51:25,157 [INFO] 4 changes detected
2026-06-26 16:51:29,115 [INFO] 7 changes detected
2026-06-26 16:51:29,480 [INFO] 1 change detected
2026-06-26 16:51:33,272 [INFO] 7 changes detected
2026-06-26 16:51:33,637 [INFO] 1 change detected
2026-06-26 16:51:34,002 [INFO] 1 change detected
2026-06-26 16:51:34,367 [INFO] 13 changes detected
2026-06-26 16:51:38,564 [INFO] 1 change detected
2026-06-26 16:51:38,933 [INFO] 11 changes detected
2026-06-26 16:51:43,777 [INFO] 1 change detected
2026-06-26 16:51:44,141 [INFO] 5 changes detected
2026-06-26 16:51:45,482 [INFO] 6 changes detected
2026-06-26 16:51:45,847 [INFO] 4 changes detected
2026-06-26 16:51:49,941 [INFO] 7 changes detected
2026-06-26 16:51:50,306 [INFO] 1 change detected
2026-06-26 16:51:54,125 [INFO] 7 changes detected
2026-06-26 16:51:54,491 [INFO] 1 change detected
2026-06-26 16:51:55,016 [INFO] 11 changes detected
2026-06-26 16:51:55,381 [INFO] 5 changes detected
2026-06-26 16:54:44,097 [INFO] 1 change detected
2026-06-26 16:54:44,461 [INFO] 5 changes detected
2026-06-26 17:04:51,353 [INFO] WS disconnected: cc_6c2c36be516c4fda8d3bc975a2b7d4c0
2026-06-26 17:04:51,374 [INFO] WS connected: cc_9cd1db343b574e0ea56ff65eb5e62023
2026-06-26 17:04:55,170 [INFO] 1 change detected
2026-06-26 17:04:55,534 [INFO] 5 changes detected
2026-06-26 17:05:28,583 [INFO] 89 changes detected
2026-06-26 17:06:17,720 [INFO] 7 changes detected
2026-06-26 17:07:55,543 [INFO] 1 change detected
2026-06-26 17:07:55,906 [INFO] 5 changes detected
2026-06-26 17:08:48,479 [INFO] 3 changes detected
2026-06-26 17:08:54,129 [INFO] 3 changes detected
2026-06-26 17:09:19,162 [INFO] 1 change detected
2026-06-26 17:09:19,516 [INFO] 4 changes detected
2026-06-26 17:09:35,702 [INFO] 3 changes detected
2026-06-26 17:09:51,434 [INFO] 12 changes detected
2026-06-26 17:09:51,471 [INFO] WS disconnected: cc_9cd1db343b574e0ea56ff65eb5e62023
2026-06-26 17:09:51,938 [INFO] 2 changes detected
2026-06-26 17:09:54,484 [INFO] WS connected: cc_9cd1db343b574e0ea56ff65eb5e62023
2026-06-26 17:10:00,250 [INFO] 12 changes detected
2026-06-26 17:10:00,271 [INFO] WS disconnected: cc_9cd1db343b574e0ea56ff65eb5e62023
2026-06-26 17:10:00,729 [INFO] 1 change detected
2026-06-26 17:10:03,290 [INFO] WS connected: cc_9cd1db343b574e0ea56ff65eb5e62023
2026-06-26 17:10:14,939 [INFO] 1 change detected
2026-06-26 17:10:15,304 [INFO] 4 changes detected
2026-06-26 17:10:21,530 [INFO] 6 changes detected
2026-06-26 17:10:31,447 [INFO] 3 changes detected
2026-06-26 17:10:55,917 [INFO] 1 change detected
2026-06-26 17:10:56,280 [INFO] 5 changes detected
2026-06-26 17:13:56,354 [INFO] 1 change detected
2026-06-26 17:13:56,731 [INFO] 5 changes detected
2026-06-26 17:16:56,868 [INFO] 1 change detected
2026-06-26 17:16:57,247 [INFO] 5 changes detected
2026-06-26 17:19:57,261 [INFO] 1 change detected
2026-06-26 17:19:57,687 [INFO] 5 changes detected
2026-06-26 17:22:57,796 [INFO] 1 change detected
2026-06-26 17:22:58,160 [INFO] 5 changes detected
2026-06-26 17:25:58,183 [INFO] 1 change detected
2026-06-26 17:25:58,611 [INFO] 5 changes detected
2026-06-26 17:28:58,709 [INFO] 1 change detected
2026-06-26 17:28:59,078 [INFO] 5 changes detected
2026-06-26 17:31:59,032 [INFO] 1 change detected
2026-06-26 17:31:59,467 [INFO] 5 changes detected
2026-06-26 17:34:59,457 [INFO] 1 change detected
2026-06-26 17:34:59,831 [INFO] 5 changes detected
2026-06-26 17:37:59,979 [INFO] 1 change detected
2026-06-26 17:38:00,349 [INFO] 5 changes detected
2026-06-26 17:40:21,533 [INFO] 1 change detected
2026-06-26 17:41:00,293 [INFO] 1 change detected
2026-06-26 17:41:00,671 [INFO] 5 changes detected
2026-06-26 17:42:08,147 [INFO] 1 change detected
2026-06-26 17:44:18,854 [INFO] 1 change detected
2026-06-26 17:44:19,216 [INFO] 5 changes detected
2026-06-26 17:45:28,274 [INFO] 85 changes detected
2026-06-26 17:45:56,168 [INFO] 3 changes detected
2026-06-26 17:49:02,533 [INFO] 1 change detected
2026-06-26 17:49:02,894 [INFO] 7 changes detected
2026-06-26 17:49:03,254 [INFO] 2 changes detected
2026-06-26 17:49:03,725 [INFO] 339 changes detected
2026-06-26 17:49:03,785 [INFO] WS disconnected: cc_9cd1db343b574e0ea56ff65eb5e62023
2026-06-26 17:49:05,230 [INFO] 2 changes detected
2026-06-26 17:49:06,659 [INFO] 1 change detected
2026-06-26 17:49:07,024 [INFO] 4 changes detected
2026-06-26 17:49:07,210 [INFO] WS connected: cc_9cd1db343b574e0ea56ff65eb5e62023
2026-06-26 17:49:07,389 [INFO] 9 changes detected
2026-06-26 17:49:16,142 [INFO] 6 changes detected
2026-06-26 17:54:18,582 [INFO] 2 changes detected
2026-06-26 17:57:36,260 [INFO] 12 changes detected
2026-06-26 17:57:39,372 [INFO] 5 changes detected
2026-06-26 17:58:12,100 [INFO] 1 change detected
2026-06-26 17:58:18,269 [INFO] 1 change detected
2026-06-26 17:58:56,421 [INFO] 1 change detected
2026-06-26 17:58:56,787 [INFO] 5 changes detected
2026-06-26 17:58:58,482 [INFO] 1 change detected
2026-06-26 18:04:12,907 [INFO] 1 change detected
2026-06-26 18:04:13,380 [INFO] 5 changes detected
2026-06-26 18:04:53,508 [INFO] 103 changes detected
2026-06-26 18:07:13,411 [INFO] 1 change detected
2026-06-26 18:07:13,773 [INFO] 5 changes detected
2026-06-26 18:10:13,851 [INFO] 1 change detected
2026-06-26 18:10:14,203 [INFO] 5 changes detected
2026-06-26 18:11:14,462 [INFO] 718 changes detected
2026-06-26 18:11:14,557 [INFO] WS disconnected: cc_9cd1db343b574e0ea56ff65eb5e62023
2026-06-26 18:11:15,265 [INFO] 2 changes detected
2026-06-26 18:12:59,437 [INFO] 718 changes detected
2026-06-26 18:12:59,909 [INFO] 62 changes detected
2026-06-26 18:13:00,319 [INFO] 10 changes detected
2026-06-26 18:13:00,682 [INFO] 5 changes detected
2026-06-26 18:13:01,047 [INFO] 7 changes detected
2026-06-26 18:13:04,012 [INFO] 7 changes detected
2026-06-26 18:13:14,253 [INFO] 1 change detected
2026-06-26 18:13:14,611 [INFO] 5 changes detected
2026-06-26 18:13:16,800 [INFO] 4 changes detected
2026-06-26 18:13:33,155 [INFO] 58 changes detected
2026-06-26 18:13:51,670 [INFO] 8 changes detected
2026-06-26 18:13:56,833 [INFO] 3 changes detected
2026-06-26 18:13:57,401 [INFO] 3 changes detected
2026-06-26 18:14:02,711 [INFO] 3 changes detected
2026-06-26 18:14:03,291 [INFO] 3 changes detected
2026-06-26 18:14:16,061 [INFO] 3 changes detected
2026-06-26 18:14:24,215 [INFO] 3 changes detected
2026-06-26 18:14:37,248 [INFO] 3 changes detected
2026-06-26 18:14:43,123 [INFO] 3 changes detected
2026-06-26 18:14:45,399 [INFO] 3 changes detected
2026-06-26 18:14:48,272 [INFO] 3 changes detected
2026-06-26 18:14:51,907 [INFO] 3 changes detected
2026-06-26 18:14:55,765 [INFO] 3 changes detected
2026-06-26 18:14:56,315 [INFO] 3 changes detected
2026-06-26 18:15:18,788 [INFO] 3 changes detected
2026-06-26 18:15:30,184 [INFO] 3 changes detected
2026-06-26 18:15:35,937 [INFO] 3 changes detected
2026-06-26 18:15:39,639 [INFO] 3 changes detected
2026-06-26 18:15:40,111 [INFO] 3 changes detected
2026-06-26 18:15:43,971 [INFO] 3 changes detected
2026-06-26 18:15:44,869 [INFO] 3 changes detected
2026-06-26 18:15:45,877 [INFO] 3 changes detected
2026-06-26 18:16:06,861 [INFO] 3 changes detected
2026-06-26 18:16:14,575 [INFO] 1 change detected
2026-06-26 18:16:14,936 [INFO] 5 changes detected
2026-06-26 18:16:29,523 [INFO] 3 changes detected
2026-06-26 18:16:39,347 [INFO] 3 changes detected
2026-06-26 18:16:57,888 [INFO] 3 changes detected
2026-06-26 18:17:01,740 [INFO] 3 changes detected
2026-06-26 18:17:02,272 [INFO] 3 changes detected
2026-06-26 18:17:20,775 [INFO] 3 changes detected
2026-06-26 18:17:39,942 [INFO] 3 changes detected
2026-06-26 18:17:59,694 [INFO] 3 changes detected
2026-06-26 18:18:05,527 [INFO] 3 changes detected
2026-06-26 18:18:06,491 [INFO] 3 changes detected
2026-06-26 18:18:10,646 [INFO] 6 changes detected
2026-06-26 18:18:27,541 [INFO] 3 changes detected
2026-06-26 18:18:34,576 [INFO] 3 changes detected
2026-06-26 18:18:44,252 [INFO] 3 changes detected
2026-06-26 18:18:49,494 [INFO] 3 changes detected
2026-06-26 18:18:59,365 [INFO] 3 changes detected
2026-06-26 18:18:59,894 [INFO] 3 changes detected
2026-06-26 18:19:05,144 [INFO] 3 changes detected
2026-06-26 18:19:05,643 [INFO] 3 changes detected
2026-06-26 18:19:14,945 [INFO] 1 change detected
2026-06-26 18:19:15,417 [INFO] 5 changes detected
2026-06-26 18:19:29,536 [INFO] 3 changes detected
2026-06-26 18:19:30,044 [INFO] 3 changes detected
2026-06-26 18:19:38,862 [INFO] 3 changes detected
2026-06-26 18:19:45,860 [INFO] 3 changes detected
2026-06-26 18:19:52,355 [INFO] 3 changes detected
2026-06-26 18:20:08,585 [INFO] 3 changes detected
2026-06-26 18:22:15,419 [INFO] 1 change detected
2026-06-26 18:22:15,940 [INFO] 5 changes detected
2026-06-26 18:22:50,567 [INFO] 3 changes detected
2026-06-26 18:23:12,320 [INFO] 3 changes detected
2026-06-26 18:23:26,720 [INFO] 49 changes detected
2026-06-26 18:23:57,919 [INFO] 1 change detected
2026-06-26 18:24:03,574 [INFO] 7 changes detected
2026-06-26 18:24:18,790 [INFO] 1 change detected
2026-06-26 18:24:26,194 [INFO] 1 change detected
2026-06-26 18:24:56,231 [INFO] 1 change detected
2026-06-26 18:25:17,365 [INFO] 1 change detected
2026-06-26 18:25:19,082 [INFO] 1 change detected
2026-06-26 18:25:19,552 [INFO] 5 changes detected
2026-06-26 18:25:25,661 [INFO] 10 changes detected
2026-06-26 18:25:29,696 [INFO] 6 changes detected
2026-06-26 18:25:30,057 [INFO] 4 changes detected
2026-06-26 18:25:31,065 [INFO] 1 change detected
2026-06-26 18:25:49,242 [INFO] 3 changes detected
2026-06-26 18:26:41,914 [INFO] 98 changes detected
2026-06-26 18:26:42,275 [INFO] 52 changes detected
2026-06-26 18:27:10,461 [INFO] 3 changes detected
2026-06-26 18:27:10,973 [INFO] 4 changes detected
2026-06-26 18:27:18,660 [INFO] 3 changes detected
2026-06-26 18:27:19,144 [INFO] 3 changes detected
2026-06-26 18:27:23,192 [INFO] 3 changes detected
2026-06-26 18:27:23,751 [INFO] 3 changes detected
2026-06-26 18:27:27,914 [INFO] 3 changes detected
2026-06-26 18:27:28,462 [INFO] 3 changes detected
2026-06-26 18:27:31,923 [INFO] 3 changes detected
2026-06-26 18:30:42,949 [INFO] 1 change detected
2026-06-26 18:30:43,312 [INFO] 5 changes detected
2026-06-26 18:31:00,956 [INFO] 72 changes detected
2026-06-26 18:31:21,272 [INFO] 2 changes detected
2026-06-26 18:31:46,512 [INFO] 2 changes detected
2026-06-26 18:31:49,178 [INFO] 2 changes detected
2026-06-26 18:32:14,956 [INFO] 3 changes detected
2026-06-26 18:32:19,082 [INFO] 161 changes detected
2026-06-26 18:32:22,548 [INFO] 2 changes detected
2026-06-26 18:32:48,919 [INFO] 129 changes detected
2026-06-26 18:33:12,590 [INFO] 4 changes detected
2026-06-26 18:33:24,445 [INFO] 2 changes detected
2026-06-26 18:33:27,868 [INFO] 2 changes detected
2026-06-26 18:33:56,449 [INFO] 6 changes detected
2026-06-26 18:33:58,611 [INFO] 1 change detected
2026-06-26 18:33:58,974 [INFO] 5 changes detected
2026-06-26 18:33:59,325 [INFO] WS connected: cc_9cd1db343b574e0ea56ff65eb5e62023
2026-06-26 18:36:29,503 [INFO] 11 changes detected
2026-06-26 18:36:33,630 [INFO] 6 changes detected
2026-06-26 18:36:33,990 [INFO] 4 changes detected
2026-06-26 18:36:34,355 [INFO] 1 change detected
2026-06-26 18:37:40,923 [INFO] 1 change detected
2026-06-26 18:49:07,476 [INFO] 1 change detected
2026-06-26 18:49:07,905 [INFO] 11 changes detected
2026-06-26 18:49:08,442 [INFO] 11 changes detected
2026-06-26 18:49:08,869 [INFO] 8 changes detected
2026-06-26 18:49:09,242 [INFO] 5 changes detected
2026-06-26 18:49:09,618 [INFO] 346 changes detected
2026-06-26 18:49:09,666 [INFO] WS disconnected: cc_9cd1db343b574e0ea56ff65eb5e62023
2026-06-26 18:49:10,135 [INFO] 16 changes detected
2026-06-26 18:57:03,082 [INFO] 1 change detected
2026-06-26 18:57:03,447 [INFO] 5 changes detected
2026-06-26 18:57:25,598 [INFO] 83 changes detected
2026-06-26 19:00:03,475 [INFO] 1 change detected
2026-06-26 19:00:03,837 [INFO] 5 changes detected
2026-06-26 19:01:07,825 [INFO] 323 changes detected
2026-06-26 19:01:27,090 [INFO] 57 changes detected
2026-06-26 19:01:39,955 [INFO] 3 changes detected
2026-06-26 19:01:57,956 [INFO] 3 changes detected
2026-06-26 19:02:06,346 [INFO] 3 changes detected
2026-06-26 19:02:16,934 [INFO] 3 changes detected
2026-06-26 19:02:40,422 [INFO] 12 changes detected
2026-06-26 19:03:03,805 [INFO] 1 change detected
2026-06-26 19:03:04,183 [INFO] 5 changes detected
2026-06-26 19:03:08,674 [INFO] 398 changes detected
2026-06-26 19:03:09,203 [INFO] 490 changes detected
2026-06-26 19:03:09,773 [INFO] 492 changes detected
2026-06-26 19:03:10,318 [INFO] 491 changes detected
2026-06-26 19:03:10,880 [INFO] 490 changes detected
2026-06-26 19:03:12,803 [INFO] 33 changes detected
2026-06-26 19:03:13,439 [INFO] 2 changes detected
2026-06-26 19:03:14,505 [INFO] 12 changes detected
2026-06-26 19:03:17,692 [INFO] 2 changes detected
2026-06-26 19:03:18,796 [INFO] 1 change detected
2026-06-26 19:04:11,070 [INFO] 24 changes detected
2026-06-26 19:04:15,923 [INFO] 344 changes detected
2026-06-26 19:04:17,262 [INFO] 110 changes detected
2026-06-26 19:04:18,221 [INFO] 732 changes detected
2026-06-26 19:04:19,034 [INFO] 703 changes detected
2026-06-26 19:04:19,689 [INFO] 491 changes detected
2026-06-26 19:04:20,265 [INFO] 492 changes detected
2026-06-26 19:04:20,877 [INFO] 492 changes detected
2026-06-26 19:04:21,483 [INFO] 491 changes detected
2026-06-26 19:04:22,116 [INFO] 491 changes detected
2026-06-26 19:04:22,752 [INFO] 492 changes detected
2026-06-26 19:04:23,390 [INFO] 492 changes detected
2026-06-26 19:04:23,999 [INFO] 492 changes detected
2026-06-26 19:04:24,635 [INFO] 493 changes detected
2026-06-26 19:04:25,414 [INFO] 521 changes detected
2026-06-26 19:04:26,048 [INFO] 489 changes detected
2026-06-26 19:04:27,300 [INFO] 973 changes detected
2026-06-26 19:04:27,890 [INFO] 491 changes detected
2026-06-26 19:04:28,541 [INFO] 489 changes detected
2026-06-26 19:04:29,067 [INFO] 463 changes detected
2026-06-26 19:04:29,693 [INFO] 495 changes detected
2026-06-26 19:04:30,347 [INFO] 493 changes detected
2026-06-26 19:04:31,079 [INFO] 490 changes detected
2026-06-26 19:04:31,745 [INFO] 492 changes detected
2026-06-26 19:04:32,423 [INFO] 493 changes detected
2026-06-26 19:04:33,145 [INFO] 493 changes detected
2026-06-26 19:04:34,155 [INFO] 736 changes detected
2026-06-26 19:04:34,812 [INFO] 495 changes detected
2026-06-26 19:04:35,493 [INFO] 491 changes detected
2026-06-26 19:04:36,445 [INFO] 733 changes detected
2026-06-26 19:04:37,260 [INFO] 521 changes detected
2026-06-26 19:04:37,956 [INFO] 493 changes detected
2026-06-26 19:04:38,584 [INFO] 490 changes detected
2026-06-26 19:04:39,162 [INFO] 461 changes detected
2026-06-26 19:04:39,929 [INFO] 493 changes detected
2026-06-26 19:04:40,711 [INFO] 490 changes detected
2026-06-26 19:04:41,399 [INFO] 492 changes detected
2026-06-26 19:04:42,088 [INFO] 491 changes detected
2026-06-26 19:04:42,933 [INFO] 492 changes detected
2026-06-26 19:04:43,653 [INFO] 490 changes detected
2026-06-26 19:04:44,524 [INFO] 524 changes detected
2026-06-26 19:04:45,104 [INFO] 460 changes detected
2026-06-26 19:04:45,799 [INFO] 496 changes detected
2026-06-26 19:04:46,627 [INFO] 519 changes detected
2026-06-26 19:04:47,254 [INFO] 461 changes detected
2026-06-26 19:04:47,975 [INFO] 497 changes detected
2026-06-26 19:04:48,493 [INFO] 280 changes detected
2026-06-26 19:04:49,191 [INFO] 491 changes detected
2026-06-26 19:04:49,793 [INFO] 460 changes detected
2026-06-26 19:04:50,524 [INFO] 493 changes detected
2026-06-26 19:04:51,230 [INFO] 493 changes detected
2026-06-26 19:04:51,754 [INFO] 456 changes detected
2026-06-26 19:04:52,454 [INFO] 492 changes detected
2026-06-26 19:04:53,068 [INFO] 464 changes detected
2026-06-26 19:04:53,778 [INFO] 493 changes detected
2026-06-26 19:04:54,269 [INFO] 280 changes detected
2026-06-26 19:04:54,908 [INFO] 462 changes detected
2026-06-26 19:04:55,826 [INFO] 523 changes detected
2026-06-26 19:04:57,721 [INFO] 164 changes detected
